1605709607862:help
1605709861193:add-book комедия Библия Иесус
1605710049230:all-books
1605791172942:help
1605793610992:all-books
1605794034660:help
1605794044805:all-books
1605794083636:help
1605794088691:all-books
1605794129246:рудз
1605794132102:help
1605794138259:all-names
1605794144084:all-books
1605796710258:help
1605796716298:all-books
1605858864004:help
1605858872700:all-books
1605859796027:help
1605859800989:all-books
1605859808396:all-genres
1606119184426:start
1606119188692:help
1606119195283:all-books
1606122553293:help
1606122581414:comm-by 1
1606122586212:comm-by 2
1606122588482:comm-by 3
1606122592347:comm-by 4
1606122594694:comm-by 5
1606132694983:upd-comm 5
1606132716562:upd-comm 5 орали всем поселком городского пипа
1606132887323:upd-comm 5 ораливсемпоселкомгородскогопипа
1606132967346:upd-comm 1
1606132982130:upd-comm 1 "Нормас чтиво, под пивко сойдет"
1606133021456:upd-comm 1 "Нормас чтиво, под пивко сойдет!"
1606133602953:upd-comm 1 Нормас чтиво, под пивко сойдет!
1606133665245:upd-comm 1 Нормас.чтиво!
1606133694412:stacktrace
1606133748790:upd-comm 1 Нормас.чтиво!
1606134082036:upd-comm 1 Нормас-чтиво
1606134290796:upd-comm 1 Нормас.чтиво!
1606134370393:upd-comm 1 Нормас-чтиво!
1606134377578:upd-comm 1 Нормас.чтиво!
1606134600919:upd-comm 1 Нормм.чтиво!
1606134680045:upd-comm 1 Норм-Чтиво
1606135127541:add-book комедия Библия Иесус,Бог
1606135153927:stacktrace
1606135589246:add-book комедия Библия Иесус,Бог
1606135669550:upd-comm 1 Норм чтиво
1606135748022:upd-comm 1 Norm-Chtivo
1606136014502:upd-comm 1 Norm-chtivo
1606136153039:upd-comm 1 Norm,chtivo
1606136243725:upd-comm 4 Norm,chtivo
1606136249665:upd-comm 1 Norm,chtivo
1606136345450:add-comm 1 Norm,chtivo
1606136369927:add-comm 1 Igor Norm,chtivo
1606136388329:add-comm 4 Igor Norm,chtivo
1606136444336:add-comm 4 Igor Hui
1606136617873:stacktrace
1606136914478:add-comm 4 Igor Hui
1606136918063:add-comm 1 Igor Hui
1606136924012:stacktrace
1606137061545:add-comm 4 Igor Hui
1606137894272:add-comm 1 Igor Hui
1606137923894:upd-comm 1 hyiii
1606138532171:upd-comm 1 hyiii,pizpa
1606139000472:upd-comm 1 hyiii,pizpa,ошпгкпф
1606141073340:upd-comm 1 хуй,пизда,джигурда
1606141112455:рудз
1606141114959:help
1606141129790:comm-by 1
1606141133276:comm-by 2
1606141135884:comm-by 3
1606141590034:comm-by 1
1606141593081:comm-by 2
1606141595183:comm-by 3
1606141598059:comm-by 4
1606141608164:add-comm help
1606141615015:help
1606141649883:add-comm 4 Gogor Огонь,бомба!
1606141668058:comm-by 4
1606143035207:upd-comm 2 Классическая,классека
1606146946704:add-author Виталик Аьрам4чеков
1606146978117:add-author ВиталикАбрам4еков
1606146990236:all-names
1606147000410:all-books
1606147023999:book-of ВиталикАбрам4еков
1606147030367:ВиталикАбрам4еков
1606147046730:book-off А.Чехов
1606147068998:book-of А.Чехов
1606147094961:add-book
1606147166790:add-book сартира Анегдоты ВиталикАбрам4еков,А.Чехов
1606147175697:book-of ВиталикАбрам4еков
1606147188692:book-of А.Чехов
1606147195365:all-books
1606147209623:book-of А.Чехов, ВиталикАбрам4еко
1606147221392:book-of А.Чехов,ВиталикАбрам4еко
1606147315797:add-comm 6 Ыыыы Очень охуенно но мне ебать нравится
1606147339646:add-comm 6 "Ыыыы ыы" "фывфывыфвыф ОХОАТОВТА НА!!!"
